0 info it worked if it ends with ok
1 verbose cli [ '/usr/local/bin/node',
1 verbose cli   '/usr/local/bin/npm',
1 verbose cli   'install',
1 verbose cli   '--save',
1 verbose cli   'firebase/polymerfire' ]
2 info using npm@3.10.3
3 info using node@v6.4.0
4 silly loadCurrentTree Starting
5 silly install loadCurrentTree
6 silly install readLocalPackageData
7 silly fetchPackageMetaData firebase/polymerfire
8 silly fetchOtherPackageData firebase/polymerfire
9 silly cache add args [ 'firebase/polymerfire', null ]
10 verbose cache add spec firebase/polymerfire
11 silly cache add parsed spec Result {
11 silly cache add   raw: 'firebase/polymerfire',
11 silly cache add   scope: null,
11 silly cache add   escapedName: null,
11 silly cache add   name: null,
11 silly cache add   rawSpec: 'firebase/polymerfire',
11 silly cache add   spec: 'github:firebase/polymerfire',
11 silly cache add   type: 'hosted',
11 silly cache add   hosted:
11 silly cache add    { type: 'github',
11 silly cache add      ssh: 'git@github.com:firebase/polymerfire.git',
11 silly cache add      sshUrl: 'git+ssh://git@github.com/firebase/polymerfire.git',
11 silly cache add      httpsUrl: 'git+https://github.com/firebase/polymerfire.git',
11 silly cache add      gitUrl: 'git://github.com/firebase/polymerfire.git',
11 silly cache add      shortcut: 'github:firebase/polymerfire',
11 silly cache add      directUrl: 'https://raw.githubusercontent.com/firebase/polymerfire/master/package.json' } }
12 verbose addRemoteGit caching firebase/polymerfire
13 verbose addRemoteGit firebase/polymerfire is a repository hosted by github
14 silly tryGitProto attempting to clone git://github.com/firebase/polymerfire.git
15 silly tryClone cloning firebase/polymerfire via git://github.com/firebase/polymerfire.git
16 verbose tryClone git-github-com-firebase-polymerfire-git-29fd9536 not in flight; caching
17 verbose correctMkdir /Users/corochan/.npm/_git-remotes correctMkdir not in flight; initializing
18 info git [ 'clone',
18 info git   '--template=/Users/corochan/.npm/_git-remotes/_templates',
18 info git   '--mirror',
18 info git   'git://github.com/firebase/polymerfire.git',
18 info git   '/Users/corochan/.npm/_git-remotes/git-github-com-firebase-polymerfire-git-29fd9536' ]
19 verbose mirrorRemote firebase/polymerfire git clone git://github.com/firebase/polymerfire.git
20 verbose correctMkdir /Users/corochan/.npm/_git-remotes correctMkdir not in flight; initializing
21 verbose setPermissions firebase/polymerfire set permissions on /Users/corochan/.npm/_git-remotes/git-github-com-firebase-polymerfire-git-29fd9536
22 verbose resolveHead firebase/polymerfire original treeish: master
23 info git [ 'rev-list', '-n1', 'master' ]
24 silly resolveHead firebase/polymerfire resolved treeish: e7239d105741412b980b2080c7416e1cac116334
25 verbose resolveHead firebase/polymerfire resolved Git URL: git://github.com/firebase/polymerfire.git#e7239d105741412b980b2080c7416e1cac116334
26 silly resolveHead Git working directory: /var/folders/jh/q1_jd0z160s6bm926htnycch0000gn/T/npm-7177-6d6d1b4b/git-cache-a6aa58cb/e7239d105741412b980b2080c7416e1cac116334
27 info git [ 'clone',
27 info git   '/Users/corochan/.npm/_git-remotes/git-github-com-firebase-polymerfire-git-29fd9536',
27 info git   '/var/folders/jh/q1_jd0z160s6bm926htnycch0000gn/T/npm-7177-6d6d1b4b/git-cache-a6aa58cb/e7239d105741412b980b2080c7416e1cac116334' ]
28 verbose cloneResolved firebase/polymerfire clone Cloning into '/var/folders/jh/q1_jd0z160s6bm926htnycch0000gn/T/npm-7177-6d6d1b4b/git-cache-a6aa58cb/e7239d105741412b980b2080c7416e1cac116334'...
28 verbose cloneResolved done.
29 info git [ 'checkout', 'e7239d105741412b980b2080c7416e1cac116334' ]
30 verbose checkoutTreeish firebase/polymerfire checkout Note: checking out 'e7239d105741412b980b2080c7416e1cac116334'.
30 verbose checkoutTreeish
30 verbose checkoutTreeish You are in 'detached HEAD' state. You can look around, make experimental
30 verbose checkoutTreeish changes and commit them, and you can discard any commits you make in this
30 verbose checkoutTreeish state without impacting any branches by performing another checkout.
30 verbose checkoutTreeish
30 verbose checkoutTreeish If you want to create a new branch to retain commits you create, you may
30 verbose checkoutTreeish do so (now or later) by using -b with the checkout command again. Example:
30 verbose checkoutTreeish
30 verbose checkoutTreeish   git checkout -b <new-branch-name>
30 verbose checkoutTreeish
30 verbose checkoutTreeish HEAD is now at e7239d1... Bumps version to v0.9.5
31 info git [ 'submodule', '-q', 'update', '--init', '--recursive' ]
32 verbose updateSubmodules firebase/polymerfire submodule update
33 error addLocal Could not install /var/folders/jh/q1_jd0z160s6bm926htnycch0000gn/T/npm-7177-6d6d1b4b/git-cache-a6aa58cb/e7239d105741412b980b2080c7416e1cac116334
34 silly tryHTTPS attempting to clone git+https://github.com/firebase/polymerfire.git
35 silly tryClone cloning firebase/polymerfire via git+https://github.com/firebase/polymerfire.git
36 verbose tryClone git-https-github-com-firebase-polymerfire-git-2fc4a7e4 not in flight; caching
37 verbose correctMkdir /Users/corochan/.npm/_git-remotes correctMkdir not in flight; initializing
38 info git [ 'clone',
38 info git   '--template=/Users/corochan/.npm/_git-remotes/_templates',
38 info git   '--mirror',
38 info git   'https://github.com/firebase/polymerfire.git',
38 info git   '/Users/corochan/.npm/_git-remotes/git-https-github-com-firebase-polymerfire-git-2fc4a7e4' ]
39 verbose mirrorRemote firebase/polymerfire git clone https://github.com/firebase/polymerfire.git
40 verbose correctMkdir /Users/corochan/.npm/_git-remotes correctMkdir not in flight; initializing
41 verbose setPermissions firebase/polymerfire set permissions on /Users/corochan/.npm/_git-remotes/git-https-github-com-firebase-polymerfire-git-2fc4a7e4
42 verbose resolveHead firebase/polymerfire original treeish: master
43 info git [ 'rev-list', '-n1', 'master' ]
44 silly resolveHead firebase/polymerfire resolved treeish: e7239d105741412b980b2080c7416e1cac116334
45 verbose resolveHead firebase/polymerfire resolved Git URL: git+https://github.com/firebase/polymerfire.git#e7239d105741412b980b2080c7416e1cac116334
46 silly resolveHead Git working directory: /var/folders/jh/q1_jd0z160s6bm926htnycch0000gn/T/npm-7177-6d6d1b4b/git-cache-57e614df/e7239d105741412b980b2080c7416e1cac116334
47 info git [ 'clone',
47 info git   '/Users/corochan/.npm/_git-remotes/git-https-github-com-firebase-polymerfire-git-2fc4a7e4',
47 info git   '/var/folders/jh/q1_jd0z160s6bm926htnycch0000gn/T/npm-7177-6d6d1b4b/git-cache-57e614df/e7239d105741412b980b2080c7416e1cac116334' ]
48 verbose cloneResolved firebase/polymerfire clone Cloning into '/var/folders/jh/q1_jd0z160s6bm926htnycch0000gn/T/npm-7177-6d6d1b4b/git-cache-57e614df/e7239d105741412b980b2080c7416e1cac116334'...
48 verbose cloneResolved done.
49 info git [ 'checkout', 'e7239d105741412b980b2080c7416e1cac116334' ]
50 verbose checkoutTreeish firebase/polymerfire checkout Note: checking out 'e7239d105741412b980b2080c7416e1cac116334'.
50 verbose checkoutTreeish
50 verbose checkoutTreeish You are in 'detached HEAD' state. You can look around, make experimental
50 verbose checkoutTreeish changes and commit them, and you can discard any commits you make in this
50 verbose checkoutTreeish state without impacting any branches by performing another checkout.
50 verbose checkoutTreeish
50 verbose checkoutTreeish If you want to create a new branch to retain commits you create, you may
50 verbose checkoutTreeish do so (now or later) by using -b with the checkout command again. Example:
50 verbose checkoutTreeish
50 verbose checkoutTreeish   git checkout -b <new-branch-name>
50 verbose checkoutTreeish
50 verbose checkoutTreeish HEAD is now at e7239d1... Bumps version to v0.9.5
51 info git [ 'submodule', '-q', 'update', '--init', '--recursive' ]
52 verbose updateSubmodules firebase/polymerfire submodule update
53 error addLocal Could not install /var/folders/jh/q1_jd0z160s6bm926htnycch0000gn/T/npm-7177-6d6d1b4b/git-cache-57e614df/e7239d105741412b980b2080c7416e1cac116334
54 silly trySSH attempting to clone git@github.com:firebase/polymerfire.git
55 silly tryClone cloning firebase/polymerfire via git@github.com:firebase/polymerfire.git
56 verbose tryClone git-github-com-firebase-polymerfire-git-d74dd133 not in flight; caching
57 verbose correctMkdir /Users/corochan/.npm/_git-remotes correctMkdir not in flight; initializing
58 info git [ 'clone',
58 info git   '--template=/Users/corochan/.npm/_git-remotes/_templates',
58 info git   '--mirror',
58 info git   'git@github.com:firebase/polymerfire.git',
58 info git   '/Users/corochan/.npm/_git-remotes/git-github-com-firebase-polymerfire-git-d74dd133' ]
59 error git clone --template=/Users/corochan/.npm/_git-remotes/_templates --mirror git@github.com:firebase/polymerfire.git /Users/corochan/.npm/_git-remotes/git-github-com-firebase-polymerfire-git-d74dd133: Cloning into bare repository '/Users/corochan/.npm/_git-remotes/git-github-com-firebase-polymerfire-git-d74dd133'...
59 error git clone --template=/Users/corochan/.npm/_git-remotes/_templates --mirror git@github.com:firebase/polymerfire.git /Users/corochan/.npm/_git-remotes/git-github-com-firebase-polymerfire-git-d74dd133: Permission denied (publickey).
59 error git clone --template=/Users/corochan/.npm/_git-remotes/_templates --mirror git@github.com:firebase/polymerfire.git /Users/corochan/.npm/_git-remotes/git-github-com-firebase-polymerfire-git-d74dd133: fatal: Could not read from remote repository.
59 error git clone --template=/Users/corochan/.npm/_git-remotes/_templates --mirror git@github.com:firebase/polymerfire.git /Users/corochan/.npm/_git-remotes/git-github-com-firebase-polymerfire-git-d74dd133:
59 error git clone --template=/Users/corochan/.npm/_git-remotes/_templates --mirror git@github.com:firebase/polymerfire.git /Users/corochan/.npm/_git-remotes/git-github-com-firebase-polymerfire-git-d74dd133: Please make sure you have the correct access rights
59 error git clone --template=/Users/corochan/.npm/_git-remotes/_templates --mirror git@github.com:firebase/polymerfire.git /Users/corochan/.npm/_git-remotes/git-github-com-firebase-polymerfire-git-d74dd133: and the repository exists.
60 silly fetchPackageMetaData Error: Command failed: git clone --template=/Users/corochan/.npm/_git-remotes/_templates --mirror git@github.com:firebase/polymerfire.git /Users/corochan/.npm/_git-remotes/git-github-com-firebase-polymerfire-git-d74dd133
60 silly fetchPackageMetaData Cloning into bare repository '/Users/corochan/.npm/_git-remotes/git-github-com-firebase-polymerfire-git-d74dd133'...
60 silly fetchPackageMetaData Permission denied (publickey).
60 silly fetchPackageMetaData fatal: Could not read from remote repository.
60 silly fetchPackageMetaData
60 silly fetchPackageMetaData Please make sure you have the correct access rights
60 silly fetchPackageMetaData and the repository exists.
60 silly fetchPackageMetaData
60 silly fetchPackageMetaData     at ChildProcess.exithandler (child_process.js:206:12)
60 silly fetchPackageMetaData     at emitTwo (events.js:106:13)
60 silly fetchPackageMetaData     at ChildProcess.emit (events.js:191:7)
60 silly fetchPackageMetaData     at maybeClose (internal/child_process.js:852:16)
60 silly fetchPackageMetaData     at Process.ChildProcess._handle.onexit (internal/child_process.js:215:5)
60 silly fetchPackageMetaData  error for firebase/polymerfire { Error: Command failed: git clone --template=/Users/corochan/.npm/_git-remotes/_templates --mirror git@github.com:firebase/polymerfire.git /Users/corochan/.npm/_git-remotes/git-github-com-firebase-polymerfire-git-d74dd133
60 silly fetchPackageMetaData Cloning into bare repository '/Users/corochan/.npm/_git-remotes/git-github-com-firebase-polymerfire-git-d74dd133'...
60 silly fetchPackageMetaData Permission denied (publickey).
60 silly fetchPackageMetaData fatal: Could not read from remote repository.
60 silly fetchPackageMetaData
60 silly fetchPackageMetaData Please make sure you have the correct access rights
60 silly fetchPackageMetaData and the repository exists.
60 silly fetchPackageMetaData
60 silly fetchPackageMetaData     at ChildProcess.exithandler (child_process.js:206:12)
60 silly fetchPackageMetaData     at emitTwo (events.js:106:13)
60 silly fetchPackageMetaData     at ChildProcess.emit (events.js:191:7)
60 silly fetchPackageMetaData     at maybeClose (internal/child_process.js:852:16)
60 silly fetchPackageMetaData     at Process.ChildProcess._handle.onexit (internal/child_process.js:215:5)
60 silly fetchPackageMetaData   killed: false,
60 silly fetchPackageMetaData   code: 128,
60 silly fetchPackageMetaData   signal: null,
60 silly fetchPackageMetaData   cmd: 'git clone --template=/Users/corochan/.npm/_git-remotes/_templates --mirror git@github.com:firebase/polymerfire.git /Users/corochan/.npm/_git-remotes/git-github-com-firebase-polymerfire-git-d74dd133' }
61 silly rollbackFailedOptional Starting
62 silly rollbackFailedOptional Finishing
63 silly runTopLevelLifecycles Starting
64 silly runTopLevelLifecycles Finishing
65 silly install printInstalled
66 verbose stack Error: Command failed: git clone --template=/Users/corochan/.npm/_git-remotes/_templates --mirror git@github.com:firebase/polymerfire.git /Users/corochan/.npm/_git-remotes/git-github-com-firebase-polymerfire-git-d74dd133
66 verbose stack Cloning into bare repository '/Users/corochan/.npm/_git-remotes/git-github-com-firebase-polymerfire-git-d74dd133'...
66 verbose stack Permission denied (publickey).
66 verbose stack fatal: Could not read from remote repository.
66 verbose stack
66 verbose stack Please make sure you have the correct access rights
66 verbose stack and the repository exists.
66 verbose stack
66 verbose stack     at ChildProcess.exithandler (child_process.js:206:12)
66 verbose stack     at emitTwo (events.js:106:13)
66 verbose stack     at ChildProcess.emit (events.js:191:7)
66 verbose stack     at maybeClose (internal/child_process.js:852:16)
66 verbose stack     at Process.ChildProcess._handle.onexit (internal/child_process.js:215:5)
67 verbose cwd /Users/corochan/Documents/enthusTokyo
68 error Darwin 15.4.0
69 error argv "/usr/local/bin/node" "/usr/local/bin/npm" "install" "--save" "firebase/polymerfire"
70 error node v6.4.0
71 error npm  v3.10.3
72 error code 128
73 error Command failed: git clone --template=/Users/corochan/.npm/_git-remotes/_templates --mirror git@github.com:firebase/polymerfire.git /Users/corochan/.npm/_git-remotes/git-github-com-firebase-polymerfire-git-d74dd133
73 error Cloning into bare repository '/Users/corochan/.npm/_git-remotes/git-github-com-firebase-polymerfire-git-d74dd133'...
73 error Permission denied (publickey).
73 error fatal: Could not read from remote repository.
73 error
73 error Please make sure you have the correct access rights
73 error and the repository exists.
74 error If you need help, you may report this error at:
74 error     <https://github.com/npm/npm/issues>
75 verbose exit [ 1, true ]
